<?xml version="1.0" encoding="UTF-8" ?>
<testsuite tests="6" failures="0" name="model.GameTest" time="0.061" errors="0" skipped="0">
  <properties>
    <property name="idea.version" value="14.1.3"/>
    <property name="java.runtime.name" value="Java(TM) SE Runtime Environment"/>
    <property name="sun.boot.library.path" value="D:\JDK\jre\bin"/>
    <property name="java.vm.version" value="25.60-b17"/>
    <property name="user.country.format" value="RU"/>
    <property name="java.vm.vendor" value="Oracle Corporation"/>
    <property name="java.vendor.url" value="http://java.oracle.com/"/>
    <property name="path.separator" value=";"/>
    <property name="guice.disable.misplaced.annotation.check" value="true"/>
    <property name="java.vm.name" value="Java HotSpot(TM) Client VM"/>
    <property name="file.encoding.pkg" value="sun.io"/>
    <property name="idea.launcher.port" value="7537"/>
    <property name="user.script" value=""/>
    <property name="user.country" value="US"/>
    <property name="sun.java.launcher" value="SUN_STANDARD"/>
    <property name="sun.os.patch.level" value="Service Pack 1"/>
    <property name="java.vm.specification.name" value="Java Virtual Machine Specification"/>
    <property name="user.dir" value="C:\Users\gtee\Desktop\TicTacToe"/>
    <property name="java.runtime.version" value="1.8.0_60-ea-b17"/>
    <property name="java.awt.graphicsenv" value="sun.awt.Win32GraphicsEnvironment"/>
    <property name="java.endorsed.dirs" value="D:\JDK\jre\lib\endorsed"/>
    <property name="os.arch" value="x86"/>
    <property name="java.io.tmpdir" value="C:\Users\gtee\AppData\Local\Temp\"/>
    <property name="line.separator" value="
"/>
    <property name="java.vm.specification.vendor" value="Oracle Corporation"/>
    <property name="user.variant" value=""/>
    <property name="os.name" value="Windows 7"/>
    <property name="classworlds.conf" value="C:\Program Files (x86)\JetBrains\IntelliJ IDEA 14.1.3\plugins\maven\lib\maven3\bin\m2.conf"/>
    <property name="sun.jnu.encoding" value="Cp1251"/>
    <property name="java.library.path" value="D:\JDK\bin;C:\windows\Sun\Java\bin;C:\windows\system32;C:\windows;D:\JDK\bin;C:\Program Files\Common Files\Microsoft Shared\Windows Live;C:\Program Files (x86)\Common Files\Microsoft Shared\Windows Live;C:\Python27\;C:\Ruby200-x64\bin;C:\PROGRA~2\MKSTOO~1\bin64;C:\PROGRA~2\MKSTOO~1\bin;C:\PROGRA~2\MKSTOO~1\bin\X11;C:\PROGRA~2\MKSTOO~1\mksnt;C:\windows\system32;C:\windows;C:\windows\System32\Wbem;C:\windows\System32\WindowsPowerShell\v1.0\;D:\apache-ant-1.9.4\bin;C:\Program Files\MiKTeX 2.9\miktex\bin\x64\;C:\Qt\5.2.1\mingw48_32\bin;C:\Qt\Tools\mingw48_32\bin;C:\MinGW\bin;C:\Python34;D:\ant\bin;D:\JDK\bin;C:\Program Files (x86)\Windows Live\Shared;C:\QtNew\5.3\mingw482_32\bin;C:\QtNew\Tools\mingw482_32\bin;C:\apache-maven-3.3.1\bin;C:\D\dmd2\windows\bin;C:\FPC\2.6.4\bin\i386-Win32;C:\Qt\5.4\mingw491_32\bin;C:\Qt\Tools\mingw48_32\bin;C:\PROGRA~2\Groovy\GROOVY~1.0\bin;C:\apache-maven-3.2.5\bin;C:\FPC\2.6.4\bin\i386-Win32;C:\Program Files\MySQL\MySQL Server 5.5\bin;C:\Program Files (x86)\Git\cmd;C:\Program Files (x86)\Git\bin;C:\gradle-2.3\bin;C:\Program Files (x86)\Skype\Phone\;C:\Program Files\TortoiseGit\bin;C:\Program Files\TortoiseHg\;C:\Program Files (x86)\Windows Kits\8.1\Windows Performance Toolkit\;C:\Program Files\Microsoft SQL Server\110\Tools\Binn\;C:\Program Files (x86)\Microsoft SDKs\TypeScript\1.0\;C:\Program Files\Microsoft SQL Server\120\Tools\Binn\;C:\Program Files (x86)\Embarcadero\Studio\16.0\bin;C:\Users\Public\Documents\Embarcadero\Studio\16.0\Bpl;C:\Program Files (x86)\Microsoft Visual Studio 9.0\VC;C:\Users\gtee\AppData\Roaming\MiKTeX\2.9\miktex\bin\x64\;C:\testsys;C:\CodeBlocks\MinGW\bin;C:\apache-maven-3.2.5\bin;D:\denis\scripts;."/>
    <property name="java.specification.name" value="Java Platform API Specification"/>
    <property name="java.class.version" value="52.0"/>
    <property name="sun.management.compiler" value="HotSpot Client Compiler"/>
    <property name="os.version" value="6.1"/>
    <property name="user.home" value="C:\Users\gtee"/>
    <property name="user.timezone" value="Europe/Moscow"/>
    <property name="java.awt.printerjob" value="sun.awt.windows.WPrinterJob"/>
    <property name="java.specification.version" value="1.8"/>
    <property name="idea.launcher.bin.path" value="C:\Program Files (x86)\JetBrains\IntelliJ IDEA 14.1.3\bin"/>
    <property name="file.encoding" value="windows-1251"/>
    <property name="user.name" value="gtee"/>
    <property name="java.class.path" value="C:\Program Files (x86)\JetBrains\IntelliJ IDEA 14.1.3\plugins\maven\lib\maven3\boot\plexus-classworlds-2.4.jar;C:\Program Files (x86)\JetBrains\IntelliJ IDEA 14.1.3\lib\idea_rt.jar"/>
    <property name="java.vm.specification.version" value="1.8"/>
    <property name="sun.arch.data.model" value="32"/>
    <property name="java.home" value="D:\JDK\jre"/>
    <property name="sun.java.command" value="com.intellij.rt.execution.application.AppMain org.codehaus.classworlds.Launcher -Didea.version=14.1.3 test"/>
    <property name="java.specification.vendor" value="Oracle Corporation"/>
    <property name="user.language" value="en"/>
    <property name="user.language.format" value="ru"/>
    <property name="awt.toolkit" value="sun.awt.windows.WToolkit"/>
    <property name="java.vm.info" value="mixed mode, sharing"/>
    <property name="java.version" value="1.8.0_60-ea"/>
    <property name="java.ext.dirs" value="D:\JDK\jre\lib\ext;C:\windows\Sun\Java\lib\ext"/>
    <property name="sun.boot.class.path" value="D:\JDK\jre\lib\resources.jar;D:\JDK\jre\lib\rt.jar;D:\JDK\jre\lib\sunrsasign.jar;D:\JDK\jre\lib\jsse.jar;D:\JDK\jre\lib\jce.jar;D:\JDK\jre\lib\charsets.jar;D:\JDK\jre\lib\jfr.jar;D:\JDK\jre\classes"/>
    <property name="java.vendor" value="Oracle Corporation"/>
    <property name="maven.home" value="C:\Program Files (x86)\JetBrains\IntelliJ IDEA 14.1.3\plugins\maven\lib\maven3"/>
    <property name="file.separator" value="\"/>
    <property name="java.vendor.url.bug" value="http://bugreport.sun.com/bugreport/"/>
    <property name="sun.cpu.endian" value="little"/>
    <property name="sun.io.unicode.encoding" value="UnicodeLittle"/>
    <property name="sun.desktop" value="windows"/>
    <property name="sun.cpu.isalist" value="pentium_pro+mmx pentium_pro pentium+mmx pentium i486 i386 i86"/>
  </properties>
  <testcase classname="model.GameTest" name="testDraw" time="0.004"/>
  <testcase classname="model.GameTest" name="testWinO" time="0"/>
  <testcase classname="model.GameTest" name="testWinX" time="0"/>
  <testcase classname="model.GameTest" name="testWinMainDiagonal2" time="0"/>
  <testcase classname="model.GameTest" name="testSimple" time="0"/>
  <testcase classname="model.GameTest" name="testWinMainDiagonal" time="0"/>
</testsuite>